[2024-06-29 15:42:24,742] multiqc                                            [DEBUG  ]  This is MultiQC v1.19
[2024-06-29 15:42:24,743] multiqc                                            [DEBUG  ]  Command used: /Users/user/opt/anaconda3/envs/bioinformatics/bin/multiqc .
[2024-06-29 15:42:25,841] multiqc                                            [WARNING]  MultiQC Version v1.22.3 now available!
[2024-06-29 15:42:25,841] multiqc                                            [DEBUG  ]  Working dir : /Users/user/Desktop/Bioinformatics I/EXAM project/Bioinformatics_project
[2024-06-29 15:42:25,841] multiqc                                            [DEBUG  ]  Template    : default
[2024-06-29 15:42:25,842] multiqc                                            [DEBUG  ]  Running Python 3.8.19 | packaged by conda-forge | (default, Mar 20 2024, 12:50:25)  [Clang 15.0.7 ]
[2024-06-29 15:42:25,843] multiqc                                            [DEBUG  ]  Analysing modules: custom_content, ccs, ngsderive, purple, conpair, lima, peddy, somalier, methylQA, mosdepth, phantompeakqualtools, qualimap, preseq, hifiasm, quast, qorts, rna_seqc, rockhopper, rsem, rseqc, busco, bustools, goleft_indexcov, gffcompare, disambiguate, supernova, deeptools, sargasso, verifybamid, mirtrace, happy, mirtop, sambamba, gopeaks, homer, hops, macs2, theta2, snpeff, gatk, htseq, bcftools, featureCounts, fgbio, dragen, dragen_fastqc, dedup, pbmarkdup, damageprofiler, mapdamage, biobambam2, jcvi, mtnucratio, picard, vep, bakta, prokka, qc3C, nanostat, samblaster, samtools, sexdeterrmine, seqera_cli, eigenstratdatabasetools, bamtools, jellyfish, vcftools, longranger, stacks, varscan2, snippy, umitools, truvari, bbmap, bismark, biscuit, diamond, hicexplorer, hicup, hicpro, salmon, kallisto, slamdunk, star, hisat2, tophat, bowtie2, bowtie1, cellranger, snpsplit, odgi, pangolin, nextclade, freyja, humid, kat, leehom, librarian, adapterRemoval, bbduk, clipandmerge, cutadapt, flexbar, sourmash, kaiju, bracken, kraken, malt, motus, trimmomatic, sickle, skewer, sortmerna, biobloomtools, fastq_screen, afterqc, fastp, fastqc, filtlong, prinseqplusplus, pychopper, porechop, pycoqc, minionqc, anglerfish, multivcfanalyzer, clusterflow, checkqc, bcl2fastq, bclconvert, interop, ivar, flash, seqyclean, optitype, whatshap, xenome, xengsort
[2024-06-29 15:42:25,843] multiqc                                            [DEBUG  ]  Using temporary directory for creating report: /var/folders/22/12vwls_11rvc9q_4g90ykv580000gn/T/tmpkag5gai8
[2024-06-29 15:42:25,846] multiqc                                            [INFO   ]  Search path : /Users/user/Desktop/Bioinformatics I/EXAM project/Bioinformatics_project
[2024-06-29 15:42:26,451] multiqc                                            [DEBUG  ]  Summary of files that were skipped by the search: [skipped_file_contents_search_errors: 2816] // [skipped_module_specific_max_filesize: 323] // [skipped_no_match: 217] // [skipped_ignore_pattern: 3] // [skipped_filesize_limit: 1]
[2024-06-29 15:42:32,202] multiqc.plots.bargraph                             [DEBUG  ]  Using matplotlib version 3.7.3
[2024-06-29 15:42:32,206] multiqc.plots.linegraph                            [DEBUG  ]  Using matplotlib version 3.7.3
[2024-06-29 15:42:32,207] multiqc                                            [DEBUG  ]  No samples found: custom_content
[2024-06-29 15:42:32,228] multiqc.modules.fastqc.fastqc                      [INFO   ]  Found 2 reports
[2024-06-29 15:42:32,256] multiqc.utils.software_versions                    [DEBUG  ]  Reading software versions from config.software_versions
[2024-06-29 15:42:32,260] multiqc                                            [DEBUG  ]  Compressing plot data
[2024-06-29 15:42:32,316] multiqc                                            [INFO   ]  Report      : multiqc_report.html
[2024-06-29 15:42:32,317] multiqc                                            [INFO   ]  Data        : multiqc_data
[2024-06-29 15:42:32,317] multiqc                                            [DEBUG  ]  Moving data file from '/var/folders/22/12vwls_11rvc9q_4g90ykv580000gn/T/tmpkag5gai8/multiqc_data' to '/Users/user/Desktop/Bioinformatics I/EXAM project/Bioinformatics_project/multiqc_data'
[2024-06-29 15:42:32,320] multiqc                                            [DEBUG  ]  Full report path: /Users/user/Desktop/Bioinformatics I/EXAM project/Bioinformatics_project/multiqc_report.html
[2024-06-29 15:42:32,431] multiqc                                            [INFO   ]  MultiQC complete
